[    0.000000] Linux version 4.15.0-162-generic (buildd@lcy01-amd64-007) (gcc version 7.5.0 (Ubuntu 7.5.0-3ubuntu1~18.04)) #170-Ubuntu SMP Mon Oct 18 11:38:05 UTC 2021 (Ubuntu 4.15.0-162.170-generic 4.15.18)
[    0.000000] Command line: BOOT_IMAGE=/boot/vmlinuz-4.15.0-162-generic root=LABEL=cloudimg-rootfs ro console=tty1 console=ttyS0
[    0.000000] KERNEL supported cpus:
[    0.000000]   Intel GenuineIntel
[    0.000000]   AMD AuthenticAMD
[    0.000000]   Centaur CentaurHauls
[    0.000000] x86/fpu: x87 FPU will use FXSAVE
[    0.000000] e820: BIOS-provided physical RAM map:
[    0.000000] BIOS-e820: [mem 0x0000000000000000-0x000000000009fbff] usable
[    0.000000] BIOS-e820: [mem 0x000000000009fc00-0x000000000009ffff] reserved
[    0.000000] BIOS-e820: [mem 0x00000000000f0000-0x00000000000fffff] reserved
[    0.000000] BIOS-e820: [mem 0x0000000000100000-0x000000003ffeffff] usable
[    0.000000] BIOS-e820: [mem 0x000000003fff0000-0x000000003fffffff] ACPI data
[    0.000000] BIOS-e820: [mem 0x00000000fec00000-0x00000000fec00fff] reserved
[    0.000000] BIOS-e820: [mem 0x00000000fee00000-0x00000000fee00fff] reserved
[    0.000000] BIOS-e820: [mem 0x00000000fffc0000-0x00000000ffffffff] reserved
[    0.000000] NX (Execute Disable) protection: active
[    0.000000] SMBIOS 2.5 present.
[    0.000000] DMI: innotek GmbH VirtualBox/VirtualBox, BIOS VirtualBox 12/01/2006
[    0.000000] Hypervisor detected: KVM
[    0.000000] e820: last_pfn = 0x3fff0 max_arch_pfn = 0x400000000
[    0.000000] MTRR: Disabled
[    0.000000] x86/PAT: MTRRs disabled, skipping PAT initialization too.
[    0.000000] CPU MTRRs all blank - virtualized system.
[    0.000000] x86/PAT: Configuration [0-7]: WB  WT  UC- UC  WB  WT  UC- UC  
[    0.000000] found SMP MP-table at [mem 0x0009fff0-0x0009ffff]
[    0.000000] Scanning 1 areas for low memory corruption
[    0.000000] RAMDISK: [mem 0x359cd000-0x36cddfff]
[    0.000000] ACPI: Early table checksum verification disabled
[    0.000000] ACPI: RSDP 0x00000000000E0000 000024 (v02 VBOX  )
[    0.000000] ACPI: XSDT 0x000000003FFF0030 00003C (v01 VBOX   VBOXXSDT 00000001 ASL  00000061)
[    0.000000] ACPI: FACP 0x000000003FFF00F0 0000F4 (v04 VBOX   VBOXFACP 00000001 ASL  00000061)
[    0.000000] ACPI: DSDT 0x000000003FFF0470 002325 (v02 VBOX   VBOXBIOS 00000002 INTL 20100528)
[    0.000000] ACPI: FACS 0x000000003FFF0200 000040
[    0.000000] ACPI: FACS 0x000000003FFF0200 000040
[    0.000000] ACPI: APIC 0x000000003FFF0240 00005C (v02 VBOX   VBOXAPIC 00000001 ASL  00000061)
[    0.000000] ACPI: SSDT 0x000000003FFF02A0 0001CC (v01 VBOX   VBOXCPUT 00000002 INTL 20100528)
[    0.000000] ACPI: Reserving FACP table memory at [mem 0x3fff00f0-0x3fff01e3]
[    0.000000] ACPI: Reserving DSDT table memory at [mem 0x3fff0470-0x3fff2794]
[    0.000000] ACPI: Reserving FACS table memory at [mem 0x3fff0200-0x3fff023f]
[    0.000000] ACPI: Reserving FACS table memory at [mem 0x3fff0200-0x3fff023f]
[    0.000000] ACPI: Reserving APIC table memory at [mem 0x3fff0240-0x3fff029b]
[    0.000000] ACPI: Reserving SSDT table memory at [mem 0x3fff02a0-0x3fff046b]
[    0.000000] No NUMA configuration found
[    0.000000] Faking a node at [mem 0x0000000000000000-0x000000003ffeffff]
[    0.000000] NODE_DATA(0) allocated [mem 0x3ffc5000-0x3ffeffff]
[    0.000000] kvm-clock: cpu 0, msr 0:3ff44001, primary cpu clock
[    0.000000] kvm-clock: Using msrs 4b564d01 and 4b564d00
[    0.000000] kvm-clock: using sched offset of 7696050469 cycles
[    0.000000] clocksource: kvm-clock: mask: 0xffffffffffffffff max_cycles: 0x1cd42e4dffb, max_idle_ns: 881590591483 ns
[    0.000000] Zone ranges:
[    0.000000]   DMA      [mem 0x0000000000001000-0x0000000000ffffff]
[    0.000000]   DMA32    [mem 0x0000000001000000-0x000000003ffeffff]
[    0.000000]   Normal   empty
[    0.000000]   Device   empty
[    0.000000] Movable zone start for each node
[    0.000000] Early memory node ranges
[    0.000000]   node   0: [mem 0x0000000000001000-0x000000000009efff]
[    0.000000]   node   0: [mem 0x0000000000100000-0x000000003ffeffff]
[    0.000000] Reserved but unavailable: 104 pages
[    0.000000] Initmem setup node 0 [mem 0x0000000000001000-0x000000003ffeffff]
[    0.000000] ACPI: PM-Timer IO Port: 0x4008
[    0.000000] IOAPIC[0]: apic_id 2, version 32, address 0xfec00000, GSI 0-23
[    0.000000] ACPI: INT_SRC_OVR (bus 0 bus_irq 0 global_irq 2 dfl dfl)
[    0.000000] ACPI: INT_SRC_OVR (bus 0 bus_irq 9 global_irq 9 low level)
[    0.000000] Using ACPI (MADT) for SMP configuration information
[    0.000000] smpboot: Allowing 2 CPUs, 0 hotplug CPUs
[    0.000000] PM: Registered nosave memory: [mem 0x00000000-0x00000fff]
[    0.000000] PM: Registered nosave memory: [mem 0x0009f000-0x0009ffff]
[    0.000000] PM: Registered nosave memory: [mem 0x000a0000-0x000effff]
[    0.000000] PM: Registered nosave memory: [mem 0x000f0000-0x000fffff]
[    0.000000] e820: [mem 0x40000000-0xfebfffff] available for PCI devices
[    0.000000] Booting paravirtualized kernel on KVM
[    0.000000] clocksource: refined-jiffies: mask: 0xffffffff max_cycles: 0xffffffff, max_idle_ns: 7645519600211568 ns
[    0.000000] random: get_random_bytes called from start_kernel+0x99/0x500 with crng_init=0
[    0.000000] setup_percpu: NR_CPUS:8192 nr_cpumask_bits:2 nr_cpu_ids:2 nr_node_ids:1
[    0.000000] percpu: Embedded 45 pages/cpu s147456 r8192 d28672 u1048576
[    0.000000] PV qspinlock hash table entries: 256 (order: 0, 4096 bytes)
[    0.000000] Built 1 zonelists, mobility grouping on.  Total pages: 257913
[    0.000000] Policy zone: DMA32
[    0.000000] Kernel command line: BOOT_IMAGE=/boot/vmlinuz-4.15.0-162-generic root=LABEL=cloudimg-rootfs ro console=tty1 console=ttyS0
[    0.000000] Memory: 982712K/1048120K available (12300K kernel code, 2483K rwdata, 4320K rodata, 2448K init, 2724K bss, 65408K reserved, 0K cma-reserved)
[    0.000000] SLUB: HWalign=64, Order=0-3, MinObjects=0, CPUs=2, Nodes=1
[    0.000000] ftrace: allocating 39475 entries in 155 pages
[    0.004000] Hierarchical RCU implementation.
[    0.004000] 	RCU restricting CPUs from NR_CPUS=8192 to nr_cpu_ids=2.
[    0.004000] 	Tasks RCU enabled.
[    0.004000] RCU: Adjusting geometry for rcu_fanout_leaf=16, nr_cpu_ids=2
[    0.004000] NR_IRQS: 524544, nr_irqs: 440, preallocated irqs: 16
[    0.004000] Console: colour VGA+ 80x25
[    0.004000] console [tty1] enabled
[    0.004000] console [ttyS0] enabled
[    0.004000] ACPI: Core revision 20170831
[    0.004000] ACPI: 2 ACPI AML tables successfully acquired and loaded
[    0.004000] APIC: Switch to symmetric I/O mode setup
[    0.004000] ..TIMER: vector=0x30 apic1=0 pin1=2 apic2=-1 pin2=-1
[    0.004011] tsc: Detected 2803.212 MHz processor
[    0.012016] Calibrating delay loop (skipped) preset value.. 5606.42 BogoMIPS (lpj=11212848)
[    0.020006] pid_max: default: 32768 minimum: 301
[    0.024250] Security Framework initialized
[    0.028007] Yama: becoming mindful.
[    0.032217] AppArmor: AppArmor initialized
[    0.051243] Dentry cache hash table entries: 131072 (order: 8, 1048576 bytes)
[    0.061144] Inode-cache hash table entries: 65536 (order: 7, 524288 bytes)
[    0.064200] Mount-cache hash table entries: 2048 (order: 2, 16384 bytes)
[    0.068128] Mountpoint-cache hash table entries: 2048 (order: 2, 16384 bytes)
[    0.078868] Last level iTLB entries: 4KB 0, 2MB 0, 4MB 0
[    0.080006] Last level dTLB entries: 4KB 0, 2MB 0, 4MB 0, 1GB 0
[    0.084011] Spectre V1 : Mitigation: usercopy/swapgs barriers and __user pointer sanitization
[    0.088008] Spectre V2 : Mitigation: Enhanced IBRS
[    0.092005] Spectre V2 : Spectre v2 / SpectreRSB mitigation: Filling RSB on context switch
[    0.096005] Speculative Store Bypass: Vulnerable
[    0.100299] Freeing SMP alternatives memory: 36K
[    0.224759] smpboot: CPU0: 11th Gen Intel(R) Core(TM) i7-1165G7 @ 2.80GHz (family: 0x6, model: 0x8c, stepping: 0x1)
[    0.232528] Performance Events: unsupported p6 CPU model 140 no PMU driver, software events only.
[    0.236195] Hierarchical SRCU implementation.
[    0.242033] NMI watchdog: Perf event create on CPU 0 failed with -2
[    0.244005] NMI watchdog: Perf NMI watchdog permanently disabled
[    0.248567] smp: Bringing up secondary CPUs ...
[    0.253670] x86: Booting SMP configuration:
[    0.256006] .... node  #0, CPUs:      #1
[    0.004000] kvm-clock: cpu 1, msr 0:3ff44041, secondary cpu clock
[    0.288189] smp: Brought up 1 node, 2 CPUs
[    0.292010] smpboot: Max logical packages: 1
[    0.296009] smpboot: Total of 2 processors activated (11212.84 BogoMIPS)
[    0.304985] devtmpfs: initialized
[    0.308186] x86/mm: Memory block size: 128MB
[    0.312718] evm: security.selinux
[    0.316005] evm: security.SMACK64
[    0.320005] evm: security.SMACK64EXEC
[    0.324009] evm: security.SMACK64TRANSMUTE
[    0.328006] evm: security.SMACK64MMAP
[    0.332006] evm: security.apparmor
[    0.336005] evm: security.ima
[    0.340005] evm: security.capability
[    0.348415] clocksource: jiffies: mask: 0xffffffff max_cycles: 0xffffffff, max_idle_ns: 7645041785100000 ns
[    0.352238] futex hash table entries: 512 (order: 3, 32768 bytes)
[    0.356320] pinctrl core: initialized pinctrl subsystem
[    0.360994] RTC time: 16:02:59, date: 02/02/22
[    0.368304] NET: Registered protocol family 16
[    0.372212] audit: initializing netlink subsys (disabled)
[    0.376335] audit: type=2000 audit(1643817787.969:1): state=initialized audit_enabled=0 res=1
[    0.400139] cpuidle: using governor ladder
[    0.404016] cpuidle: using governor menu
[    0.408211] ACPI: bus type PCI registered
[    0.412081] acpiphp: ACPI Hot Plug PCI Controller Driver version: 0.5
[    0.420119] PCI: Using configuration type 1 for base access
[    0.432869] HugeTLB registered 2.00 MiB page size, pre-allocated 0 pages
[    0.444897] ACPI: Added _OSI(Module Device)
[    0.448017] ACPI: Added _OSI(Processor Device)
[    0.452005] ACPI: Added _OSI(3.0 _SCP Extensions)
[    0.456005] ACPI: Added _OSI(Processor Aggregator Device)
[    0.460008] ACPI: Added _OSI(Linux-Dell-Video)
[    0.464027] ACPI: Added _OSI(Linux-Lenovo-NV-HDMI-Audio)
[    0.468006] ACPI: Added _OSI(Linux-HPI-Hybrid-Graphics)
[    0.476588] ACPI: Executed 1 blocks of module-level executable AML code
[    0.493935] ACPI: Interpreter enabled
[    0.496025] ACPI: (supports S0 S5)
[    0.500012] ACPI: Using IOAPIC for interrupt routing
[    0.508557] PCI: Using host bridge windows from ACPI; if necessary, use "pci=nocrs" and report a bug
[    0.512480] ACPI: Enabled 2 GPEs in block 00 to 07
[    0.534964] ACPI: PCI Root Bridge [PCI0] (domain 0000 [bus 00-ff])
[    0.536017] acpi PNP0A03:00: _OSC: OS supports [ASPM ClockPM Segments MSI]
[    0.545098] acpi PNP0A03:00: _OSC: not requesting OS control; OS requires [ExtendedConfig ASPM ClockPM MSI]
[    0.548037] acpi PNP0A03:00: fail to add MMCONFIG information, can't access extended PCI configuration space under this bridge.
[    0.557287] PCI host bridge to bus 0000:00
[    0.560010] pci_bus 0000:00: root bus resource [io  0x0000-0x0cf7 window]
[    0.564008] pci_bus 0000:00: root bus resource [io  0x0d00-0xffff window]
[    0.568008] pci_bus 0000:00: root bus resource [mem 0x000a0000-0x000bffff window]
[    0.572008] pci_bus 0000:00: root bus resource [mem 0x40000000-0xfdffffff window]
[    0.576008] pci_bus 0000:00: root bus resource [bus 00-ff]
[    0.592904] pci 0000:00:01.1: legacy IDE quirk: reg 0x10: [io  0x01f0-0x01f7]
[    0.596006] pci 0000:00:01.1: legacy IDE quirk: reg 0x14: [io  0x03f6]
[    0.600007] pci 0000:00:01.1: legacy IDE quirk: reg 0x18: [io  0x0170-0x0177]
[    0.604010] pci 0000:00:01.1: legacy IDE quirk: reg 0x1c: [io  0x0376]
[    0.692513] pci 0000:00:07.0: quirk: [io  0x4000-0x403f] claimed by PIIX4 ACPI
[    0.696084] pci 0000:00:07.0: quirk: [io  0x4100-0x410f] claimed by PIIX4 SMB
[    0.730710] ACPI: PCI Interrupt Link [LNKA] (IRQs 5 9 10 *11)
[    0.733057] ACPI: PCI Interrupt Link [LNKB] (IRQs 5 9 *10 11)
[    0.740405] ACPI: PCI Interrupt Link [LNKC] (IRQs 5 *9 10 11)
[    0.744399] ACPI: PCI Interrupt Link [LNKD] (IRQs 5 9 10 *11)
[    0.749514] SCSI subsystem initialized
[    0.756286] pci 0000:00:02.0: vgaarb: setting as boot VGA device
[    0.760000] pci 0000:00:02.0: vgaarb: VGA device added: decodes=io+mem,owns=io+mem,locks=none
[    0.760011] pci 0000:00:02.0: vgaarb: bridge control possible
[    0.764005] vgaarb: loaded
[    0.768115] ACPI: bus type USB registered
[    0.772077] usbcore: registered new interface driver usbfs
[    0.776031] usbcore: registered new interface driver hub
[    0.780027] usbcore: registered new device driver usb
[    0.784511] EDAC MC: Ver: 3.0.0
[    0.796081] PCI: Using ACPI for IRQ routing
[    0.801581] NetLabel: Initializing
[    0.804005] NetLabel:  domain hash size = 128
[    0.808004] NetLabel:  protocols = UNLABELED CIPSOv4 CALIPSO
[    0.812040] NetLabel:  unlabeled traffic allowed by default
[    0.820936] clocksource: Switched to clocksource kvm-clock
[    0.851147] VFS: Disk quotas dquot_6.6.0
[    0.851147] VFS: Dquot-cache hash table entries: 512 (order 0, 4096 bytes)
[    0.851147] AppArmor: AppArmor Filesystem Enabled
[    0.851147] pnp: PnP ACPI init
[    0.851147] pnp: PnP ACPI: found 3 devices
[    1.099473] clocksource: acpi_pm: mask: 0xffffff max_cycles: 0xffffff, max_idle_ns: 2085701024 ns
[    1.100805] NET: Registered protocol family 2
[    1.100805] IP idents hash table entries: 16384 (order: 5, 131072 bytes)
[    1.144588] TCP established hash table entries: 8192 (order: 4, 65536 bytes)
[    1.160942] TCP bind hash table entries: 8192 (order: 5, 131072 bytes)
[    1.177094] TCP: Hash tables configured (established 8192 bind 8192)
[    1.180140] UDP hash table entries: 512 (order: 2, 16384 bytes)
[    1.180140] UDP-Lite hash table entries: 512 (order: 2, 16384 bytes)
[    1.180140] NET: Registered protocol family 1
[    1.180140] pci 0000:00:00.0: Limiting direct PCI/PCI transfers
[    1.180140] pci 0000:00:01.0: Activating ISA DMA hang workarounds
[    1.264585] pci 0000:00:02.0: Video device with shadowed ROM at [mem 0x000c0000-0x000dffff]
[    1.283751] Unpacking initramfs...
[    2.578357] Freeing initrd memory: 19524K
[    2.588569] clocksource: tsc: mask: 0xffffffffffffffff max_cycles: 0x28681b31c8c, max_idle_ns: 440795302026 ns
[    2.613030] platform rtc_cmos: registered platform RTC device (no PNP device found)
[    2.631011] Scanning for low memory corruption every 60 seconds
[    2.649856] Initialise system trusted keyrings
[    2.662655] Key type blacklist registered
[    2.674639] workingset: timestamp_bits=36 max_order=18 bucket_order=0
[    2.693241] zbud: loaded
[    2.701814] squashfs: version 4.0 (2009/01/31) Phillip Lougher
[    2.718114] fuse init (API version 7.26)
[    2.779281] Key type asymmetric registered
[    2.790346] Asymmetric key parser 'x509' registered
[    2.803288] Block layer SCSI generic (bsg) driver version 0.4 loaded (major 246)
[    2.825338] io scheduler noop registered
[    2.835942] io scheduler deadline registered
[    2.847406] io scheduler cfq registered (default)
[    2.861389] ACPI: AC Adapter [AC] (off-line)
[    2.873042] input: Power Button as /devices/LNXSYSTM:00/LNXPWRBN:00/input/input0
[    2.890277] ACPI: Power Button [PWRF]
[    2.900308] input: Sleep Button as /devices/LNXSYSTM:00/LNXSLPBN:00/input/input1
[    2.904058] ACPI: Sleep Button [SLPF]
[    2.929254] Serial: 8250/16550 driver, 32 ports, IRQ sharing enabled
[    2.933964] ACPI: Battery Slot [BAT0] (battery present)
[    2.993341] 00:02: ttyS0 at I/O 0x3f8 (irq = 4, base_baud = 115200) is a 16550A
[    2.996145] Linux agpgart interface v0.103
[    3.032062] loop: module loaded
[    3.045369] scsi host0: ata_piix
[    3.056358] scsi host1: ata_piix
[    3.065158] ata1: PATA max UDMA/33 cmd 0x1f0 ctl 0x3f6 bmdma 0xd000 irq 14
[    3.069037] ata2: PATA max UDMA/33 cmd 0x170 ctl 0x376 bmdma 0xd008 irq 15
[    3.097953] libphy: Fixed MDIO Bus: probed
[    3.110378] tun: Universal TUN/TAP device driver, 1.6
[    3.114314] PPP generic driver version 2.4.2
[    3.114314] ehci_hcd: USB 2.0 'Enhanced' Host Controller (EHCI) Driver
[    3.114314] ehci-pci: EHCI PCI platform driver
[    3.114314] ehci-platform: EHCI generic platform driver
[    3.114314] ohci_hcd: USB 1.1 'Open' Host Controller (OHCI) Driver
[    3.114314] ohci-pci: OHCI PCI platform driver
[    3.114314] ohci-platform: OHCI generic platform driver
[    3.114314] uhci_hcd: USB Universal Host Controller Interface driver
[    3.114314] i8042: PNP: PS/2 Controller [PNP0303:PS2K,PNP0f03:PS2M] at 0x60,0x64 irq 1,12
[    3.269143] serio: i8042 KBD port at 0x60,0x64 irq 1
[    3.275347] serio: i8042 AUX port at 0x60,0x64 irq 12
[    3.284563] mousedev: PS/2 mouse device common for all mice
[    3.295681] rtc_cmos rtc_cmos: rtc core: registered rtc_cmos as rtc0
[    3.306245] rtc_cmos rtc_cmos: alarms up to one day, 114 bytes nvram
[    3.319019] i2c /dev entries driver
[    3.325865] device-mapper: uevent: version 1.0.3
[    3.334589] device-mapper: ioctl: 4.37.0-ioctl (2017-09-20) initialised: dm-devel@redhat.com
[    3.359155] ledtrig-cpu: registered to indicate activity on CPUs
[    3.378165] input: AT Translated Set 2 keyboard as /devices/platform/i8042/serio0/input/input2
[    3.401778] NET: Registered protocol family 10
[    3.433152] Segment Routing with IPv6
[    3.444822] NET: Registered protocol family 17
[    3.458698] Key type dns_resolver registered
[    3.474432] mce: Using 0 MCE banks
[    3.485445] RAS: Correctable Errors collector initialized.
[    3.501650] sched_clock: Marking stable (3501567573, 0)->(6004174088, -2502606515)
[    3.530685] registered taskstats version 1
[    3.538152] Loading compiled-in X.509 certificates
[    3.555414] Loaded X.509 cert 'Build time autogenerated kernel key: ebed311aedd59d9a851620769f4a146e4e1d43c6'
[    3.574129] Loaded X.509 cert 'Canonical Ltd. Live Patch Signing: 14df34d1a87cf37625abec039ef2bf521249b969'
[    3.592648] Loaded X.509 cert 'Canonical Ltd. Kernel Module Signing: 88f752e560a1e0737e31163a466ad7b70a850c19'
[    3.610459] zswap: loaded using pool lzo/zbud
[    3.640741] Key type big_key registered
[    3.652036] Key type trusted registered
[    3.671144] Key type encrypted registered
[    3.683179] AppArmor: AppArmor sha1 policy hashing enabled
[    3.699597] ima: No TPM chip found, activating TPM-bypass! (rc=-19)
[    3.716844] ima: Allocated hash algorithm: sha1
[    3.730250] evm: HMAC attrs: 0x1
[    3.741554]   Magic number: 10:781:33
[    3.753932] rtc_cmos rtc_cmos: setting system clock to 2022-02-02 16:03:03 UTC (1643817783)
[    3.776032] BIOS EDD facility v0.16 2004-Jun-25, 0 devices found
[    3.794710] EDD information not available.
[    3.814176] Freeing unused kernel image memory: 2448K
[    3.845204] Write protecting the kernel read-only data: 20480k
[    3.863362] Freeing unused kernel image memory: 2008K
[    3.878327] Freeing unused kernel image memory: 1824K
[    3.902849] x86/mm: Checked W+X mappings: passed, no W+X pages found.
Loading, please wait...
starting version 237
[    4.154365] Fusion MPT base driver 3.04.20
[    4.168701] Copyright (c) 1999-2008 LSI Corporation
[    4.214856] e1000: Intel(R) PRO/1000 Network Driver - version 7.3.21-k8-NAPI
[    4.235953] e1000: Copyright (c) 1999-2006 Intel Corporation.
[    4.324004] Fusion MPT SPI Host driver 3.04.20
[    5.276213] input: ImExPS/2 Generic Explorer Mouse as /devices/platform/i8042/serio1/input/input4
[    5.337396] e1000 0000:00:03.0 eth0: (PCI:33MHz:32-bit) 02:38:bc:e5:bf:66
[    5.348100] e1000 0000:00:03.0 eth0: Intel(R) PRO/1000 Network Connection
[    5.362333] mptbase: ioc0: Initiating bringup
[    5.496999] ioc0: LSI53C1030 A0: Capabilities={Initiator}
[    6.717139] scsi host2: ioc0: LSI53C1030 A0, FwRev=00000000h, Ports=1, MaxQ=256, IRQ=20
[    7.375780] scsi 2:0:0:0: Direct-Access     VBOX     HARDDISK         1.0  PQ: 0 ANSI: 5
[    7.432894] scsi target2:0:0: Beginning Domain Validation
[    7.477142] scsi target2:0:0: Domain Validation skipping write tests
[    7.497122] scsi target2:0:0: Ending Domain Validation
[    7.514439] scsi target2:0:0: asynchronous
[    7.529426] random: fast init done
[    7.543368] scsi 2:0:1:0: Direct-Access     VBOX     HARDDISK         1.0  PQ: 0 ANSI: 5
[    7.748656] scsi target2:0:1: Beginning Domain Validation
[    7.779366] scsi target2:0:1: Domain Validation skipping write tests
[    7.797678] scsi target2:0:1: Ending Domain Validation
[    7.815034] scsi target2:0:1: asynchronous
[    7.862465] random: systemd-udevd: uninitialized urandom read (16 bytes read)
[    7.879341] sd 2:0:0:0: Attached scsi generic sg0 type 0
[    7.893218] sd 2:0:1:0: Attached scsi generic sg1 type 0
[    7.909678] random: systemd-udevd: uninitialized urandom read (16 bytes read)
[    7.931970] random: systemd-udevd: uninitialized urandom read (16 bytes read)
[    7.955661] sd 2:0:0:0: [sda] 83886080 512-byte logical blocks: (42.9 GB/40.0 GiB)
[    7.979654] sd 2:0:1:0: [sdb] 20480 512-byte logical blocks: (10.5 MB/10.0 MiB)
[    8.004167] sd 2:0:1:0: [sdb] Write Protect is off
[    8.019575] sd 2:0:0:0: [sda] Write Protect is off
[    8.044201] sd 2:0:1:0: [sdb] Incomplete mode parameter data
[    8.062548] sd 2:0:1:0: [sdb] Assuming drive cache: write through
[    8.081675] sd 2:0:0:0: [sda] Incomplete mode parameter data
[    8.099156] sd 2:0:0:0: [sda] Assuming drive cache: write through
[    8.145910]  sda: sda1
[    8.159023] sd 2:0:1:0: [sdb] Attached SCSI disk
[    8.171348] sd 2:0:0:0: [sda] Attached SCSI disk
[    8.680032] e1000 0000:00:08.0 eth1: (PCI:33MHz:32-bit) 08:00:27:09:be:08
[    8.708902] e1000 0000:00:08.0 eth1: Intel(R) PRO/1000 Network Connection
[    8.770754] e1000 0000:00:03.0 enp0s3: renamed from eth0
[    9.465608] e1000 0000:00:08.0 enp0s8: renamed from eth1
Begin: Loading essential drivers ... [   12.808589] raid6: sse2x1   gen()  4935 MB/s
[   12.864018] raid6: sse2x1   xor()  3446 MB/s
[   12.920604] raid6: sse2x2   gen()  6952 MB/s
[   12.976461] raid6: sse2x2   xor()  4829 MB/s
[   13.032859] raid6: sse2x4   gen()  7242 MB/s
[   13.088574] raid6: sse2x4   xor()  4093 MB/s
[   13.099538] raid6: using algorithm sse2x4 gen() 7242 MB/s
[   13.113869] raid6: .... xor() 4093 MB/s, rmw enabled
[   13.126460] raid6: using ssse3x2 recovery algorithm
[   13.144534] xor: measuring software checksum speed
[   13.192226]    prefetch64-sse:  8044.000 MB/sec
[   13.241013]    generic_sse:  8014.000 MB/sec
[   13.253580] xor: using function: prefetch64-sse (8044.000 MB/sec)
[   13.286736] async_tx: api initialized (async)
done.
Begin: Running /scripts/init-premount ... done.
Begin: Mounting root file system ... Begin: Running /scripts/local-top ... done.
Begin: Running /scripts/local-premount ... [   13.552456] Btrfs loaded, crc32c=crc32c-intel
Scanning for Btrfs filesystems
done.
Warning: fsck not present, so skipping root file system
[   13.678104] EXT4-fs (sda1): mounted filesystem with ordered data mode. Opts: (null)
done.
Begin: Running /scripts/local-bottom ... done.
Begin: Running /scripts/init-bottom ... done.
[   14.234443] ip_tables: (C) 2000-2006 Netfilter Core Team
[   14.278101] systemd[1]: systemd 237 running in system mode. (+PAM +AUDIT +SELINUX +IMA +APPARMOR +SMACK +SYSVINIT +UTMP +LIBCRYPTSETUP +GCRYPT +GNUTLS +ACL +XZ +LZ4 +SECCOMP +BLKID +ELFUTILS +KMOD -IDN2 +IDN -PCRE2 default-hierarchy=hybrid)
[   14.314155] systemd[1]: Detected virtualization oracle.
[   14.327578] systemd[1]: Detected architecture x86-64.

Welcome to [1mUbuntu 18.04.6 LTS[0m!

[   14.412958] systemd[1]: Set hostname to <ubuntu-bionic>.
[   15.391077] systemd[1]: Started Forward Password Requests to Wall Directory Watch.
[[0;32m  OK  [0m] Started Forward Password Requests to Wall Directory Watch.
[   15.418682] systemd[1]: Reached target System Time Synchronized.
[[0;32m  OK  [0m] Reached target System Time Synchronized.
[   15.437995] systemd[1]: Set up automount Arbitrary Executable File Formats File System Automount Point.
[[0;32m  OK  [0m] Set up automount Arbitrary Executab…rmats File System Automount Point.
[   15.483852] systemd[1]: Created slice User and Session Slice.
[[0;32m  OK  [0m] Created slice User and Session Slice.
[   15.503249] systemd[1]: Created slice System Slice.
[[0;32m  OK  [0m] Created slice System Slice.
[   15.518209] systemd[1]: Listening on Journal Audit Socket.
[[0;32m  OK  [0m] Listening on Journal Audit Socket.
[[0;32m  OK  [0m] Listening on udev Control Socket.
[[0;32m  OK  [0m] Listening on LVM2 metadata daemon socket.
[[0;32m  OK  [0m] Listening on LVM2 poll daemon socket.
[[0;32m  OK  [0m] Listening on Device-mapper event daemon FIFOs.
[[0;32m  OK  [0m] Listening on udev Kernel Socket.
[[0;32m  OK  [0m] Listening on /dev/initctl Compatibility Named Pipe.
[[0;32m  OK  [0m] Listening on Syslog Socket.
[[0;32m  OK  [0m] Listening on Journal Socket (/dev/log).
[[0;32m  OK  [0m] Listening on Network Service Netlink Socket.
[[0;32m  OK  [0m] Reached target Slices.
[[0;32m  OK  [0m] Reached target Swap.
[[0;32m  OK  [0m] Reached target User and Group Name Lookups.
[[0;32m  OK  [0m] Created slice system-serial\x2dgetty.slice.
[[0;32m  OK  [0m] Listening on Journal Socket.
         Starting Uncomplicated firewall...
         Starting Create list of required st…ce nodes for the current kernel...
         Mounting POSIX Message Queue File System...
         Starting Set the console keyboard layout...
         Mounting Huge Pages File System...
         Starting udev Coldplug all Devices...
         Starting Journal Service...
         Starting Load Kernel Modules...
         Mounting Kernel Debug File System...
         Starting Monitoring of LVM2 mirrors…ng dmeventd or progress polling...
[[0;32m  OK  [0m] Listening on fsck to fsckd communication Socket.
         Starting File System Check on Root Device...
[[0;32m  OK  [0m] Started Uncomplicated firewall.
[[0;32m  OK  [0m] Started Create list of required sta…vice nodes for the current kernel.
[[0;32m  OK  [0m] Mounted POSIX Message Queue File System.
[[0;32m  OK  [0m] Mounted Huge Pages File System.
[[0;32m  OK  [0m] Mounted Kernel Debug File System.
         Starting Create Static Device Nodes in /dev...
[[0;32m  OK  [0m] Started File System Check Daemon to report status.
[   15.913642] Loading iSCSI transport class v2.0-870.
[   16.018046] random: crng init done
[   16.031909] random: 7 urandom warning(s) missed due to ratelimiting
[[0;32m  OK  [0m] Started udev Coldplug all Devices.
[[0;32m  OK  [0m] Started Set the console keyboard layout.
[[0;32m  OK  [0m] Started Create Static Device Nodes in /dev.
[[0;32m  OK  [0m] Started File System Check on Root Device.
         Starting Remount Root and Kernel File Systems...
[[0;32m  OK  [0m] Started Journal Service.
[   16.232021] iscsi: registered transport (tcp)
[[0;32m  OK  [0m] Started LVM2 metadata daemon.
[   16.267465] EXT4-fs (sda1): re-mounted. Opts: (null)
[[0;32m  OK  [0m] Started Remount Root and Kernel File Systems.
         Starting Flush Journal to Persistent Storage...
         Starting udev Kernel Device Manager...
         Starting Load/Save Random Seed...
[[0;32m  OK  [0m] Started Monitoring of LVM2 mirrors,…sing dmeventd or progress polling.
[[0;32m  OK  [0m] Reached target Local File Systems (Pre).
[[0;32m  OK  [0m] Reached target Local File Systems.
         Starting ebtables ruleset management...
         Starting Tell Plymouth To Write Out Runtime Data...
         Starting Set console font and keymap...
         Starting AppArmor initialization...
[[0;32m  OK  [0m] Started Load/Save Random Seed.
[   16.482434] systemd-journald[385]: Received request to flush runtime journal from PID 1
[[0;32m  OK  [0m] Started Tell Plymouth To Write Out Runtime Data.
[[0;32m  OK  [0m] Started Set console font and keymap.
[[0;32m  OK  [0m] Started udev Kernel Device Manager.
[[0;32m  OK  [0m] Started Dispatch Password Requests to Console Directory Watch.
[   16.688000] iscsi: registered transport (iser)
[[0;32m  OK  [0m] Reached target Local Encrypted Volumes.
[[0;32m  OK  [0m] Started Load Kernel Modules.
         Starting Apply Kernel Variables...
         Mounting FUSE Control File System...
         Mounting Kernel Configuration File System...
[[0;32m  OK  [0m] Mounted FUSE Control File System.
[[0;32m  OK  [0m] Started Flush Journal to Persistent Storage.
[[0;32m  OK  [0m] Mounted Kernel Configuration File System.
[[0;32m  OK  [0m] Started Apply Kernel Variables.
         Starting Create Volatile Files and Directories...
[[0;32m  OK  [0m] Started ebtables ruleset management.
[[0;32m  OK  [0m] Found device /dev/ttyS0.
[[0;32m  OK  [0m] Started Create Volatile Files and Directories.
         Starting Update UTMP about System Boot/Shutdown...
[[0;32m  OK  [0m] Started Update UTMP about System Boot/Shutdown.
[[0;32m  OK  [0m] Listening on Load/Save RF Kill Switch Status /dev/rfkill Watch.
[[0;32m  OK  [0m] Started AppArmor initialization.
         Starting Load AppArmor profiles managed internally by snapd...
         Starting Initial cloud-init job (pre-networking)...
[[0;32m  OK  [0m] Started Load AppArmor profiles managed internally by snapd.
[   22.101955] cloud-init[544]: Cloud-init v. 21.3-1-g6803368d-0ubuntu1~18.04.4 running 'init-local' at Wed, 02 Feb 2022 16:03:21 +0000. Up 21.68 seconds.
[[0;32m  OK  [0m] Started Initial cloud-init job (pre-networking).
[[0;32m  OK  [0m] Reached target Network (Pre).
         Starting Network Service...
[[0;32m  OK  [0m] Started Network Service.
         Starting Wait for Network to be Configured...
         Starting Network Name Resolution...
[[0;32m  OK  [0m] Started Network Name Resolution.
[[0;32m  OK  [0m] Reached target Host and Network Name Lookups.
[[0;32m  OK  [0m] Reached target Network.
[[0;32m  OK  [0m] Started Wait for Network to be Configured.
         Starting Initial cloud-init job (metadata service crawler)...
[   25.326658] cloud-init[650]: Cloud-init v. 21.3-1-g6803368d-0ubuntu1~18.04.4 running 'init' at Wed, 02 Feb 2022 16:03:24 +0000. Up 24.95 seconds.
[   25.353994] cloud-init[650]: ci-info: ++++++++++++++++++++++++++++++++++++++Net device info+++++++++++++++++++++++++++++++++++++++
[   25.363282] cloud-init[650]: ci-info: +--------+------+-----------------------------+---------------+--------+-------------------+
[   25.373006] cloud-init[650]: ci-info: | Device |  Up  |           Address           |      Mask     | Scope  |     Hw-Address    |
[   25.381801] cloud-init[650]: ci-info: +--------+------+-----------------------------+---------------+--------+-------------------+
[   25.391702] cloud-init[650]: ci-info: | enp0s3 | True |          10.0.2.15          | 255.255.255.0 | global | 02:38:bc:e5:bf:66 |
[   25.401452] cloud-init[650]: ci-info: | enp0s3 | True |  fe80::38:bcff:fee5:bf66/64 |       .       |  link  | 02:38:bc:e5:bf:66 |
[   25.411652] cloud-init[650]: ci-info: | enp0s8 | True |        172.17.177.11        | 255.255.255.0 | global | 08:00:27:09:be:08 |
[   25.421634] cloud-init[650]: ci-info: | enp0s8 | True | fe80::a00:27ff:fe09:be08/64 |       .       |  link  | 08:00:27:09:be:08 |
[   25.431514] cloud-init[650]: ci-info: |   lo   | True |          127.0.0.1          |   255.0.0.0   |  host  |         .         |
[   25.441258] cloud-init[650]: ci-info: |   lo   | True |           ::1/128           |       .       |  host  |         .         |
[   25.451518] cloud-init[650]: ci-info: +--------+------+-----------------------------+---------------+--------+-------------------+
[   25.464950] cloud-init[650]: ci-info: +++++++++++++++++++++++++++++Route IPv4 info+++++++++++++++++++++++++++++
[   25.482404] cloud-init[650]: ci-info: +-------+--------------+----------+-----------------+-----------+-------+
[   25.500051] cloud-init[650]: ci-info: | Route | Destination  | Gateway  |     Genmask     | Interface | Flags |
[   25.515551] cloud-init[650]: ci-info: +-------+--------------+----------+-----------------+-----------+-------+
[   25.529308] cloud-init[650]: ci-info: |   0   |   0.0.0.0    | 10.0.2.2 |     0.0.0.0     |   enp0s3  |   UG  |
[   25.543821] cloud-init[650]: ci-info: |   1   |   10.0.2.0   | 0.0.0.0  |  255.255.255.0  |   enp0s3  |   U   |
[   25.559517] cloud-init[650]: ci-info: |   2   |   10.0.2.2   | 0.0.0.0  | 255.255.255.255 |   enp0s3  |   UH  |
[   25.581307] cloud-init[650]: ci-info: |   3   | 172.17.177.0 | 0.0.0.0  |  255.255.255.0  |   enp0s8  |   U   |
[   25.596216] cloud-init[650]: ci-info: +-------+--------------+----------+-----------------+-----------+-------+
[   25.610707] cloud-init[650]: ci-info: +++++++++++++++++++Route IPv6 info+++++++++++++++++++
[   25.625843] cloud-init[650]: ci-info: +-------+-------------+---------+-----------+-------+
[   25.640044] cloud-init[650]: ci-info: | Route | Destination | Gateway | Interface | Flags |
[   25.658117] cloud-init[650]: ci-info: +-------+-------------+---------+-----------+-------+
[   25.681159] cloud-init[650]: ci-info: |   1   |  fe80::/64  |    ::   |   enp0s8  |   U   |
[   25.697471] cloud-init[650]: ci-info: |   2   |  fe80::/64  |    ::   |   enp0s3  |   U   |
[   25.711120] cloud-init[650]: ci-info: |   4   |    local    |    ::   |   enp0s3  |   U   |
[   25.722199] cloud-init[650]: ci-info: |   5   |    local    |    ::   |   enp0s8  |   U   |
[   25.733781] cloud-init[650]: ci-info: |   6   |   ff00::/8  |    ::   |   enp0s8  |   U   |
[   25.747357] cloud-init[650]: ci-info: |   7   |   ff00::/8  |    ::   |   enp0s3  |   U   |
[   25.760383] cloud-init[650]: ci-info: +-------+-------------+---------+-----------+-------+
[[0;32m  OK  [0m] Started Initial cloud-init job (metadata service crawler).
[[0;32m  OK  [0m] Reached target Network is Online.
[[0;32m  OK  [0m] Reached target Remote File Systems (Pre).
         Mounting /vagrant...
         Starting Availability of block devices...
[[0;32m  OK  [0m] Reached target System Initialization.
[[0;32m  OK  [0m] Listening on cloud-init hotplug hook socket.
[[0;32m  OK  [0m] Started Ubuntu Advantage Timer for running repeated jobs.
[[0;32m  OK  [0m] Started Daily apt download activities.
[[0;32m  OK  [0m] Started Message of the Day.
[[0;32m  OK  [0m] Listening on D-Bus System Message Bus Socket.
[[0;32m  OK  [0m] Started Daily apt upgrade and clean activities.
         Starting LXD - unix socket.
         Starting Socket activation for snappy daemon.
[[0;32m  OK  [0m] Listening on UUID daemon activation socket.
[[0;32m  OK  [0m] Started Trigger to poll for Ubuntu …(Only enabled on GCP LTS non-pro).
[[0;32m  OK  [0m] Started Daily Cleanup of Temporary Directories.
[[0;32m  OK  [0m] Started Clean PHP session files every 30 mins.
[[0;32m  OK  [0m] Listening on Open-iSCSI iscsid Socket.
[[0;32m  OK  [0m] Started Discard unused blocks once a week.
[[0;32m  OK  [0m] Reached target Timers.
[[0;32m  OK  [0m] Started ACPI Events Check.
[[0;32m  OK  [0m] Reached target Paths.
[[0;32m  OK  [0m] Listening on ACPID Listen Socket.
[[0;32m  OK  [0m] Reached target Cloud-config availability.
[[0;32m  OK  [0m] Mounted /vagrant.
[[0;32m  OK  [0m] Started Availability of block devices.
[[0;32m  OK  [0m] Listening on LXD - unix socket.
[[0;32m  OK  [0m] Listening on Socket activation for snappy daemon.
[[0;32m  OK  [0m] Reached target Sockets.
[[0;32m  OK  [0m] Reached target Basic System.
         Starting Dispatcher daemon for systemd-networkd...
         Starting LSB: Record successful boot for GRUB...
         Starting OpenBSD Secure Shell server...
[[0;32m  OK  [0m] Started D-Bus System Message Bus.
[[0;32m  OK  [0m] Started irqbalance daemon.
         Starting Clean php session files...
[[0;32m  OK  [0m] Started Regular background program processing daemon.
         Starting MySQL Community Server...
         Starting Virtualbox guest utils...
         Starting The PHP 7.2 FastCGI Process Manager...
         Starting Login Service...
[[0;32m  OK  [0m] Started FUSE filesystem for LXC.
         Starting System Logging Service...
         Starting A high performance web server and a reverse proxy server...
         Starting Snap Daemon...
         Starting Message of the Day...
         Starting Accounts Service...
[[0;32m  OK  [0m] Started Deferred execution scheduler.
         Starting LXD - container startup/shutdown...
[[0;32m  OK  [0m] Reached target Remote File Systems.
         Starting LSB: automatic crash report generation...
         Starting Permit User Sessions...
[[0;32m  OK  [0m] Started OpenBSD Secure Shell server.
[[0;32m  OK  [0m] Started System Logging Service.
[[0;32m  OK  [0m] Started Permit User Sessions.
         Starting Hold until boot process finishes up...
         Starting Terminate Plymouth Boot Screen...
[[0;32m  OK  [0m] Started Hold until boot process finishes up.
[[0;32m  OK  [0m] Started Terminate Plymouth Boot Screen.
[[0;32m  OK  [0m] Started Login Service.
[[0;32m  OK  [0m] Started Unattended Upgrades Shutdown.
         Starting Set console scheme...
[[0;32m  OK  [0m] Started Serial Getty on ttyS0.
[[0;32m  OK  [0m] Started Set console scheme.
[[0;32m  OK  [0m] Created slice system-getty.slice.
[[0;32m  OK  [0m] Started Getty on tty1.
[[0;32m  OK  [0m] Reached target Login Prompts.
[[0;32m  OK  [0m] Started LSB: automatic crash report generation.
[[0;32m  OK  [0m] Started LSB: Record successful boot for GRUB.
         Starting Authorization Manager...
[[0;32m  OK  [0m] Started Virtualbox guest utils.
[[0;32m  OK  [0m] Created slice User Slice of vagrant.
[[0;32m  OK  [0m] Started Dispatcher daemon for systemd-networkd.
[[0;1;31mFAILED[0m] Failed to start A high performance …server and a reverse proxy server.
See 'systemctl status nginx.service' for details.
[[0;32m  OK  [0m] Started Authorization Manager.
[[0;32m  OK  [0m] Started Accounts Service.
[[0;32m  OK  [0m] Started Session 1 of user vagrant.
         Starting User Manager for UID 1000...
[[0;32m  OK  [0m] Started User Manager for UID 1000.
[[0;32m  OK  [0m] Started LXD - container startup/shutdown.
[[0;32m  OK  [0m] Started The PHP 7.2 FastCGI Process Manager.
[[0;32m  OK  [0m] Started Clean php session files.
[[0;32m  OK  [0m] Started Snap Daemon.
         Starting Wait until snapd is fully seeded...

Ubuntu 18.04.6 LTS ubuntu-bionic ttyS0

ubuntu-bionic login: [   36.078649] cloud-init[1116]: Cloud-init v. 21.3-1-g6803368d-0ubuntu1~18.04.4 running 'modules:config' at Wed, 02 Feb 2022 16:03:35 +0000. Up 35.80 seconds.
[   37.562898] cloud-init[1289]: Cloud-init v. 21.3-1-g6803368d-0ubuntu1~18.04.4 running 'modules:final' at Wed, 02 Feb 2022 16:03:37 +0000. Up 37.30 seconds.
[   37.577604] cloud-init[1289]: Cloud-init v. 21.3-1-g6803368d-0ubuntu1~18.04.4 finished at Wed, 02 Feb 2022 16:03:37 +0000. Datasource DataSourceNoCloud [seed=/dev/sdb][dsmode=net].  Up 37.54 seconds
